<?xml version="1.0" encoding="UTF-8"?>
<testng-results ignored="0" total="3" passed="2" failed="1" skipped="0">
  <reporter-output>
  </reporter-output>
  <suite started-at="2023-08-27T00:06:45 IST" name="Suite" finished-at="2023-08-27T00:07:20 IST" duration-ms="34592">
    <groups>
    </groups>
    <test started-at="2023-08-27T00:06:45 IST" name="RegisterTest" finished-at="2023-08-27T00:07:05 IST" duration-ms="19502">
      <class name="TestScenarios.RegisterTest">
        <test-method is-config="true" signature="setup()[pri:0, instance:TestScenarios.RegisterTest@45a37759]" started-at="2023-08-27T00:06:45 IST" name="setup" finished-at="2023-08-27T00:06:58 IST" duration-ms="12391" status="PASS">
          <reporter-output>
          </reporter-output>
        </test-method> <!-- setup -->
        <test-method signature="RegWithAllData()[pri:1, instance:TestScenarios.RegisterTest@45a37759]" started-at="2023-08-27T00:06:58 IST" name="RegWithAllData" finished-at="2023-08-27T00:07:04 IST" duration-ms="6581" status="PASS">
          <reporter-output>
          </reporter-output>
        </test-method> <!-- RegWithAllData -->
        <test-method is-config="true" signature="teardown()[pri:0, instance:TestScenarios.RegisterTest@45a37759]" started-at="2023-08-27T00:07:04 IST" name="teardown" finished-at="2023-08-27T00:07:05 IST" duration-ms="486" status="PASS">
          <reporter-output>
          </reporter-output>
        </test-method> <!-- teardown -->
      </class> <!-- TestScenarios.RegisterTest -->
    </test> <!-- RegisterTest -->
    <test started-at="2023-08-27T00:06:45 IST" name="LoginTest" finished-at="2023-08-27T00:07:20 IST" duration-ms="34592">
      <class name="TestScenarios.LoginTest">
        <test-method is-config="true" signature="setup()[pri:0, instance:TestScenarios.LoginTest@60df60da]" started-at="2023-08-27T00:06:45 IST" name="setup" finished-at="2023-08-27T00:06:58 IST" duration-ms="12137" status="PASS">
          <reporter-output>
          </reporter-output>
        </test-method> <!-- setup -->
        <test-method signature="Login(java.lang.String,java.lang.String,java.lang.String)[pri:0, instance:TestScenarios.LoginTest@60df60da]" started-at="2023-08-27T00:06:58 IST" name="Login" data-provider="GetLoginData" finished-at="2023-08-27T00:07:00 IST" duration-ms="2367" status="PASS">
          <params>
            <param index="0">
              <value>
                <![CDATA[rbajega]]>
              </value>
            </param>
            <param index="1">
              <value>
                <![CDATA[Testing@123]]>
              </value>
            </param>
            <param index="2">
              <value>
                <![CDATA[Login Successfully]]>
              </value>
            </param>
          </params>
          <reporter-output>
          </reporter-output>
        </test-method> <!-- Login -->
        <test-method is-config="true" signature="teardown()[pri:0, instance:TestScenarios.LoginTest@60df60da]" started-at="2023-08-27T00:07:00 IST" name="teardown" finished-at="2023-08-27T00:07:00 IST" duration-ms="504" status="PASS">
          <reporter-output>
          </reporter-output>
        </test-method> <!-- teardown -->
        <test-method is-config="true" signature="setup()[pri:0, instance:TestScenarios.LoginTest@60df60da]" started-at="2023-08-27T00:07:00 IST" name="setup" finished-at="2023-08-27T00:07:08 IST" duration-ms="7434" status="PASS">
          <reporter-output>
          </reporter-output>
        </test-method> <!-- setup -->
        <test-method signature="Login(java.lang.String,java.lang.String,java.lang.String)[pri:0, instance:TestScenarios.LoginTest@60df60da]" started-at="2023-08-27T00:07:08 IST" name="Login" data-provider="GetLoginData" finished-at="2023-08-27T00:07:19 IST" duration-ms="11509" status="FAIL">
          <params>
            <param index="0">
              <value>
                <![CDATA[rbajega]]>
              </value>
            </param>
            <param index="1">
              <value>
                <![CDATA[xassfafsyz]]>
              </value>
            </param>
            <param index="2">
              <value>
                <![CDATA[abc Enter your userName and password correct]]>
              </value>
            </param>
          </params>
          <exception class="java.lang.AssertionError">
            <message>
              <![CDATA[expected [abc Enter your userName and password correct] but found [Enter your userName and password correct]]]>
            </message>
            <full-stacktrace>
              <![CDATA[java.lang.AssertionError: expected [abc Enter your userName and password correct] but found [Enter your userName and password correct]
at org.testng.Assert.fail(Assert.java:99)
at org.testng.Assert.failNotEquals(Assert.java:1037)
at org.testng.Assert.assertEqualsImpl(Assert.java:140)
at org.testng.Assert.assertEquals(Assert.java:122)
at org.testng.Assert.assertEquals(Assert.java:629)
at org.testng.Assert.assertEquals(Assert.java:639)
at TestScenarios.LoginTest.Login(LoginTest.java:81)
at java.base/jdk.internal.reflect.NativeMethodAccessorImpl.invoke0(Native Method)
at java.base/jdk.internal.reflect.NativeMethodAccessorImpl.invoke(NativeMethodAccessorImpl.java:77)
at java.base/jdk.internal.reflect.DelegatingMethodAccessorImpl.invoke(DelegatingMethodAccessorImpl.java:43)
at java.base/java.lang.reflect.Method.invoke(Method.java:568)
at org.testng.internal.MethodInvocationHelper.invokeMethod(MethodInvocationHelper.java:133)
at org.testng.internal.TestInvoker.invokeMethod(TestInvoker.java:598)
at org.testng.internal.TestInvoker.invokeTestMethod(TestInvoker.java:173)
at org.testng.internal.MethodRunner.runInSequence(MethodRunner.java:46)
at org.testng.internal.TestInvoker$MethodInvocationAgent.invoke(TestInvoker.java:824)
at org.testng.internal.TestInvoker.invokeTestMethods(TestInvoker.java:146)
at org.testng.internal.TestMethodWorker.invokeTestMethods(TestMethodWorker.java:146)
at org.testng.internal.TestMethodWorker.run(TestMethodWorker.java:128)
at java.base/java.util.ArrayList.forEach(ArrayList.java:1511)
at org.testng.TestRunner.privateRun(TestRunner.java:794)
at org.testng.TestRunner.run(TestRunner.java:596)
at org.testng.SuiteRunner.runTest(SuiteRunner.java:377)
at org.testng.SuiteRunner.access$000(SuiteRunner.java:28)
at org.testng.SuiteRunner$SuiteWorker.run(SuiteRunner.java:418)
at org.testng.internal.thread.ThreadUtil.lambda$execute$0(ThreadUtil.java:64)
at java.base/java.util.concurrent.FutureTask.run(FutureTask.java:264)
at java.base/java.util.concurrent.ThreadPoolExecutor.runWorker(ThreadPoolExecutor.java:1136)
at java.base/java.util.concurrent.ThreadPoolExecutor$Worker.run(ThreadPoolExecutor.java:635)
at java.base/java.lang.Thread.run(Thread.java:833)
]]>
            </full-stacktrace>
          </exception> <!-- java.lang.AssertionError -->
          <reporter-output>
          </reporter-output>
        </test-method> <!-- Login -->
        <test-method is-config="true" signature="teardown()[pri:0, instance:TestScenarios.LoginTest@60df60da]" started-at="2023-08-27T00:07:20 IST" name="teardown" finished-at="2023-08-27T00:07:20 IST" duration-ms="321" status="PASS">
          <reporter-output>
          </reporter-output>
        </test-method> <!-- teardown -->
      </class> <!-- TestScenarios.LoginTest -->
    </test> <!-- LoginTest -->
  </suite> <!-- Suite -->
</testng-results>
